[INFO ] 2021-02-28 10:06:51.744 StepImplementation:31 - rest for a while
[INFO ] 2021-02-28 10:06:51.924 StepImplementation:31 - rest for a while1
[INFO ] 2021-02-28 10:06:52.360 StepImplementation:53 - 1 second wait.
[INFO ] 2021-02-28 10:20:19.592 StepImplementation:31 - rest for a while
[INFO ] 2021-02-28 10:20:19.662 StepImplementation:47 - rest for a while
[INFO ] 2021-02-28 10:20:19.663 StepImplementation:48 - rest for a while1
[INFO ] 2021-02-28 10:30:44.042 StepImplementation:31 - rest for a while
[INFO ] 2021-02-28 10:34:32.140 StepImplementation:31 - rest for a while
[INFO ] 2021-02-28 10:34:32.161 StepImplementation:68 - 2 second wait.
[INFO ] 2021-02-28 10:34:34.271 StepImplementation:68 - 2 second wait.
[INFO ] 2021-02-28 10:47:38.877 StepImplementation:31 - rest for a while
[INFO ] 2021-02-28 10:47:39.053 StepImplementation:31 - drink water
[INFO ] 2021-02-28 10:47:39.169 StepImplementation:31 - muammer
[INFO ] 2021-02-28 10:47:39.193 StepImplementation:78 - 2 second wait.
[INFO ] 2021-02-28 10:49:01.505 StepImplementation:31 - rest for a while
[INFO ] 2021-02-28 10:49:01.622 StepImplementation:31 - drink water
[INFO ] 2021-02-28 10:49:01.734 StepImplementation:31 - muammer
[INFO ] 2021-02-28 10:49:01.840 StepImplementation:31 - kuş
[INFO ] 2021-02-28 10:49:01.947 StepImplementation:31 - sıçmış
[INFO ] 2021-02-28 10:49:02.008 StepImplementation:63 - rest for a while
[INFO ] 2021-02-28 10:49:02.031 StepImplementation:63 - rest for a while
[INFO ] 2021-02-28 10:49:02.053 StepImplementation:63 - rest for a while
[INFO ] 2021-02-28 10:49:02.078 StepImplementation:63 - rest for a while
[INFO ] 2021-02-28 10:49:02.102 StepImplementation:63 - rest for a while
[INFO ] 2021-02-28 10:49:02.125 StepImplementation:63 - rest for a while
[INFO ] 2021-02-28 10:53:18.988 StepImplementation:31 - rest for a while
[INFO ] 2021-02-28 10:53:19.106 StepImplementation:31 - drink water
[INFO ] 2021-02-28 10:53:19.254 StepImplementation:31 - muammer
[INFO ] 2021-02-28 10:53:19.370 StepImplementation:31 - kuş
[INFO ] 2021-02-28 10:53:19.497 StepImplementation:31 - sıçmış
[INFO ] 2021-02-28 10:53:19.682 StepImplementation:67 - rest for a while
[INFO ] 2021-02-28 19:10:38.618 StepImplementation:31 - rest for a while
[INFO ] 2021-02-28 19:10:38.774 StepImplementation:31 - drink water
[INFO ] 2021-02-28 19:10:38.879 StepImplementation:31 - muammer
[INFO ] 2021-02-28 19:10:38.980 StepImplementation:31 - kuş
[INFO ] 2021-02-28 19:10:39.086 StepImplementation:31 - sıçmış
[INFO ] 2021-02-28 19:12:30.869 StepImplementation:31 - rest for a while
[INFO ] 2021-02-28 19:12:31.016 StepImplementation:31 - drink water
[INFO ] 2021-02-28 19:12:31.145 StepImplementation:31 - muammer
[INFO ] 2021-02-28 19:12:31.266 StepImplementation:31 - kuş
[INFO ] 2021-02-28 19:12:31.400 StepImplementation:31 - sıçmış
[INFO ] 2021-02-28 22:10:07.656 StepImplementation:31 - rest for a while
[INFO ] 2021-02-28 22:10:07.834 StepImplementation:31 - drink water
[INFO ] 2021-02-28 22:10:07.975 StepImplementation:31 - muammer
[INFO ] 2021-02-28 22:10:08.103 StepImplementation:31 - kuş
[INFO ] 2021-02-28 22:10:08.224 StepImplementation:31 - sıçmış
[INFO ] 2021-02-28 22:12:34.611 StepImplementation:31 - rest for a while
[INFO ] 2021-02-28 22:12:34.732 StepImplementation:31 - drink water
[INFO ] 2021-02-28 22:12:34.841 StepImplementation:31 - muammer
[INFO ] 2021-02-28 22:12:34.945 StepImplementation:31 - kuş
[INFO ] 2021-02-28 22:12:35.060 StepImplementation:31 - sıçmış
[INFO ] 2021-02-28 22:14:48.326 StepImplementation:31 - rest for a while
[INFO ] 2021-02-28 22:14:48.446 StepImplementation:31 - drink water
[INFO ] 2021-02-28 22:14:48.563 StepImplementation:31 - muammer
[INFO ] 2021-02-28 22:14:48.666 StepImplementation:31 - kuş
[INFO ] 2021-02-28 22:14:48.770 StepImplementation:31 - sıçmış
[INFO ] 2021-02-28 22:18:12.288 StepImplementation:31 - rest for a while
[INFO ] 2021-02-28 22:18:12.419 StepImplementation:31 - drink water
[INFO ] 2021-02-28 22:18:12.535 StepImplementation:31 - muammer
[INFO ] 2021-02-28 22:18:12.650 StepImplementation:31 - kuş
[INFO ] 2021-02-28 22:18:12.752 StepImplementation:31 - sıçmış
[INFO ] 2021-02-28 22:19:46.800 StepImplementation:31 - rest for a while
[INFO ] 2021-02-28 22:19:46.954 StepImplementation:31 - drink water
[INFO ] 2021-02-28 22:19:47.112 StepImplementation:31 - muammer
[INFO ] 2021-02-28 22:19:47.259 StepImplementation:31 - kuş
[INFO ] 2021-02-28 22:19:47.380 StepImplementation:31 - sıçmış
[INFO ] 2021-02-28 22:19:47.542 StepImplementation:73 - rest for a while
[INFO ] 2021-02-28 22:20:27.678 StepImplementation:31 - rest for a while
[INFO ] 2021-02-28 22:20:27.809 StepImplementation:31 - drink water
[INFO ] 2021-02-28 22:20:27.925 StepImplementation:31 - muammer
[INFO ] 2021-02-28 22:20:28.054 StepImplementation:31 - kuş
[INFO ] 2021-02-28 22:20:28.161 StepImplementation:31 - sıçmış
[INFO ] 2021-02-28 22:20:28.313 StepImplementation:73 - rest for a while
[INFO ] 2021-02-28 22:20:28.324 StepImplementation:86 - 4 second wait.
[INFO ] 2021-02-28 22:23:22.157 StepImplementation:31 - rest for a while
[INFO ] 2021-02-28 22:23:22.557 StepImplementation:86 - 1 second wait.
[INFO ] 2021-02-28 22:23:23.583 StepImplementation:127 - Element doesn't exist..
[INFO ] 2021-02-28 22:26:47.067 StepImplementation:31 - rest for a while
[INFO ] 2021-02-28 22:26:47.226 StepImplementation:31 - drink water
[INFO ] 2021-02-28 22:27:22.026 StepImplementation:31 - rest for a while
[INFO ] 2021-02-28 22:27:22.148 StepImplementation:31 - drink water
[INFO ] 2021-02-28 22:27:22.447 StepImplementation:86 - 1 second wait.
[INFO ] 2021-02-28 22:31:42.618 StepImplementation:31 - rest for a while
[INFO ] 2021-02-28 22:31:42.738 StepImplementation:31 - drink water
[INFO ] 2021-02-28 22:31:43.039 StepImplementation:86 - 1 second wait.
[INFO ] 2021-02-28 22:32:12.220 StepImplementation:31 - rest for a while
[INFO ] 2021-02-28 22:32:12.336 StepImplementation:31 - drink water
[INFO ] 2021-02-28 22:32:12.634 StepImplementation:86 - 1 second wait.
[INFO ] 2021-02-28 22:32:13.715 StepImplementation:86 - 3 second wait.
[INFO ] 2021-02-28 22:35:34.418 StepImplementation:31 - rest for a while
[INFO ] 2021-02-28 22:35:34.543 StepImplementation:31 - drink water
[INFO ] 2021-02-28 22:35:34.841 StepImplementation:86 - 1 second wait.
[INFO ] 2021-02-28 22:35:35.910 StepImplementation:86 - 3 second wait.
[INFO ] 2021-02-28 22:36:12.730 StepImplementation:31 - rest for a while
[INFO ] 2021-02-28 22:36:12.853 StepImplementation:31 - drink water
[INFO ] 2021-02-28 22:36:13.158 StepImplementation:86 - 1 second wait.
[INFO ] 2021-02-28 22:39:38.530 StepImplementation:31 - rest for a while
[INFO ] 2021-02-28 22:39:38.650 StepImplementation:31 - drink water
[INFO ] 2021-02-28 22:39:38.951 StepImplementation:86 - 1 second wait.
[INFO ] 2021-02-28 22:39:40.034 StepImplementation:86 - 3 second wait.
[INFO ] 2021-02-28 22:49:08.060 StepImplementation:31 - rest for a while
[INFO ] 2021-02-28 22:49:08.184 StepImplementation:31 - drink water
[INFO ] 2021-02-28 22:49:08.480 StepImplementation:85 - 1 second wait.
[INFO ] 2021-02-28 22:49:09.563 StepImplementation:85 - 3 second wait.
[INFO ] 2021-02-28 22:49:12.589 StepImplementation:126 - Element doesn't exist..
